::1 - - [07/Sep/2022:19:24:32 +0300] "GET /favicon.ico HTTP/1.1" 404 196
::1 - - [07/Sep/2022:19:24:34 +0300] "GET / HTTP/1.1" 200 73145
::1 - - [07/Sep/2022:19:28:21 +0300] "GET / HTTP/1.1" 200 411
::1 - - [07/Sep/2022:19:28:25 +0300] "POST /display.php HTTP/1.1" 200 27
::1 - - [07/Sep/2022:19:43:59 +0300] "GET / HTTP/1.1" 304 -
::1 - - [07/Sep/2022:19:44:02 +0300] "POST /display.php HTTP/1.1" 200 27
::1 - - [07/Sep/2022:19:44:06 +0300] "POST /display.php HTTP/1.1" 200 33
::1 - - [07/Sep/2022:19:44:08 +0300] "GET / HTTP/1.1" 304 -
::1 - - [07/Sep/2022:19:44:09 +0300] "POST /display.php HTTP/1.1" 200 25
::1 - - [07/Sep/2022:19:44:12 +0300] "POST /display.php HTTP/1.1" 200 31
::1 - - [07/Sep/2022:19:52:19 +0300] "GET / HTTP/1.1" 200 2289
::1 - - [07/Sep/2022:19:52:19 +0300] "GET /style.css HTTP/1.1" 200 117
::1 - - [07/Sep/2022:19:52:19 +0300] "GET /pic.png HTTP/1.1" 200 2246
::1 - - [07/Sep/2022:19:52:27 +0300] "GET /script.php?ynumber=-1&submit=%D0%9E%D1%82%D0%BF%D1%80%D0%B0%D0%B2%D0%B8%D1%82%D1%8C&rnumber=3 HTTP/1.1" 404 196
::1 - - [07/Sep/2022:19:53:34 +0300] "GET /script.php?ynumber=-1&submit=%D0%9E%D1%82%D0%BF%D1%80%D0%B0%D0%B2%D0%B8%D1%82%D1%8C&rnumber=3 HTTP/1.1" 404 196
::1 - - [07/Sep/2022:19:55:31 +0300] "GET /script.php?ynumber=-1&submit=%D0%9E%D1%82%D0%BF%D1%80%D0%B0%D0%B2%D0%B8%D1%82%D1%8C&rnumber=3 HTTP/1.1" 404 196
::1 - - [07/Sep/2022:19:55:33 +0300] "GET /script.php?ynumber=-1&submit=%D0%9E%D1%82%D0%BF%D1%80%D0%B0%D0%B2%D0%B8%D1%82%D1%8C&rnumber=3 HTTP/1.1" 404 196
::1 - - [07/Sep/2022:19:55:36 +0300] "GET /script.php?ynumber=-1&submit=%D0%9E%D1%82%D0%BF%D1%80%D0%B0%D0%B2%D0%B8%D1%82%D1%8C&rnumber=3 HTTP/1.1" 404 196
::1 - - [07/Sep/2022:19:55:54 +0300] "GET /script.php?ynumber=-1&submit=%D0%9E%D1%82%D0%BF%D1%80%D0%B0%D0%B2%D0%B8%D1%82%D1%8C&rnumber=3 HTTP/1.1" 404 196
::1 - - [07/Sep/2022:19:55:55 +0300] "GET /script.php?ynumber=-1&submit=%D0%9E%D1%82%D0%BF%D1%80%D0%B0%D0%B2%D0%B8%D1%82%D1%8C&rnumber=3 HTTP/1.1" 404 196
::1 - - [07/Sep/2022:19:56:18 +0300] "GET / HTTP/1.1" 200 2288
::1 - - [07/Sep/2022:20:10:06 +0300] "GET / HTTP/1.1" 304 -
::1 - - [07/Sep/2022:20:10:07 +0300] "GET /index.php?ynumber=&submit=%D0%9E%D1%82%D0%BF%D1%80%D0%B0%D0%B2%D0%B8%D1%82%D1%8C&rnumber=1 HTTP/1.1" 200 5
::1 - - [07/Sep/2022:20:10:14 +0300] "GET /index.php?ynumber=&submit=%D0%9E%D1%82%D0%BF%D1%80%D0%B0%D0%B2%D0%B8%D1%82%D1%8C&rnumber=1 HTTP/1.1" 200 5
::1 - - [07/Sep/2022:20:10:26 +0300] "GET /index.php?ynumber=&submit=%D0%9E%D1%82%D0%BF%D1%80%D0%B0%D0%B2%D0%B8%D1%82%D1%8C&rnumber=1 HTTP/1.1" 200 2
::1 - - [07/Sep/2022:20:12:11 +0300] "GET /index.php?ynumber=&submit=%D0%9E%D1%82%D0%BF%D1%80%D0%B0%D0%B2%D0%B8%D1%82%D1%8C&rnumber=1 HTTP/1.1" 200 2
::1 - - [07/Sep/2022:20:15:20 +0300] "GET /index.php?ynumber=-1&submit=%D0%9E%D1%82%D0%BF%D1%80%D0%B0%D0%B2%D0%B8%D1%82%D1%8C&rnumber=5 HTTP/1.1" 200 17
::1 - - [07/Sep/2022:20:53:46 +0300] "GET / HTTP/1.1" 200 2211
::1 - - [07/Sep/2022:20:53:46 +0300] "GET /style.css HTTP/1.1" 200 117
::1 - - [07/Sep/2022:20:53:46 +0300] "GET /pic.png HTTP/1.1" 200 2246
::1 - - [07/Sep/2022:20:53:52 +0300] "GET /index.php?ynumber=-1&submit=%D0%9E%D1%82%D0%BF%D1%80%D0%B0%D0%B2%D0%B8%D1%82%D1%8C&rnumber=1 HTTP/1.1" 200 17
::1 - - [07/Sep/2022:20:54:07 +0300] "GET /index.php?ynumber=-1&submit=%D0%9E%D1%82%D0%BF%D1%80%D0%B0%D0%B2%D0%B8%D1%82%D1%8C&rnumber=1 HTTP/1.1" 200 17
::1 - - [07/Sep/2022:21:05:13 +0300] "GET / HTTP/1.1" 304 -
::1 - - [07/Sep/2022:21:05:19 +0300] "GET /index.php?ynumber=-1&submit=%D0%9E%D1%82%D0%BF%D1%80%D0%B0%D0%B2%D0%B8%D1%82%D1%8C&rnumber=1 HTTP/1.1" 200 17
::1 - - [07/Sep/2022:21:22:05 +0300] "GET / HTTP/1.1" 200 2326
::1 - - [07/Sep/2022:21:22:09 +0300] "GET /index.php?ynumber=-1&submit=%D0%9E%D1%82%D0%BF%D1%80%D0%B0%D0%B2%D0%B8%D1%82%D1%8C&rnumber=3 HTTP/1.1" 200 17
::1 - - [07/Sep/2022:21:22:15 +0300] "GET /index.php?ynumber=-1&submit=%D0%9E%D1%82%D0%BF%D1%80%D0%B0%D0%B2%D0%B8%D1%82%D1%8C&rnumber=3 HTTP/1.1" 200 17
::1 - - [07/Sep/2022:21:22:16 +0300] "GET / HTTP/1.1" 304 -
::1 - - [07/Sep/2022:21:23:37 +0300] "GET / HTTP/1.1" 200 2325
::1 - - [07/Sep/2022:21:23:37 +0300] "GET /js/main.js HTTP/1.1" 200 553
::1 - - [07/Sep/2022:21:23:42 +0300] "GET / HTTP/1.1" 304 -
::1 - - [07/Sep/2022:21:23:42 +0300] "GET / HTTP/1.1" 304 -
::1 - - [07/Sep/2022:21:23:42 +0300] "GET / HTTP/1.1" 304 -
::1 - - [07/Sep/2022:21:23:47 +0300] "GET /index.php?ynumber=-1&submit=%D0%9E%D1%82%D0%BF%D1%80%D0%B0%D0%B2%D0%B8%D1%82%D1%8C&rnumber=5 HTTP/1.1" 200 17
::1 - - [07/Sep/2022:21:23:49 +0300] "GET / HTTP/1.1" 304 -
::1 - - [07/Sep/2022:21:23:49 +0300] "GET / HTTP/1.1" 304 -
::1 - - [07/Sep/2022:21:23:50 +0300] "GET / HTTP/1.1" 304 -
::1 - - [07/Sep/2022:21:23:50 +0300] "GET / HTTP/1.1" 304 -
::1 - - [07/Sep/2022:21:23:50 +0300] "GET / HTTP/1.1" 304 -
::1 - - [07/Sep/2022:21:23:50 +0300] "GET / HTTP/1.1" 304 -
::1 - - [07/Sep/2022:21:23:50 +0300] "GET / HTTP/1.1" 304 -
::1 - - [07/Sep/2022:21:24:06 +0300] "GET / HTTP/1.1" 304 -
::1 - - [07/Sep/2022:21:24:09 +0300] "GET / HTTP/1.1" 304 -
::1 - - [07/Sep/2022:21:24:11 +0300] "GET /index.php?ynumber=-1&submit=%D0%9E%D1%82%D0%BF%D1%80%D0%B0%D0%B2%D0%B8%D1%82%D1%8C&rnumber=1 HTTP/1.1" 200 17
::1 - - [07/Sep/2022:21:24:39 +0300] "GET / HTTP/1.1" 200 2313
::1 - - [07/Sep/2022:21:24:39 +0300] "GET /main.js HTTP/1.1" 200 553
::1 - - [07/Sep/2022:21:24:44 +0300] "GET /index.php?ynumber=-1&submit=%D0%9E%D1%82%D0%BF%D1%80%D0%B0%D0%B2%D0%B8%D1%82%D1%8C&rnumber=4 HTTP/1.1" 200 17
::1 - - [07/Sep/2022:21:29:42 +0300] "GET / HTTP/1.1" 304 -
::1 - - [07/Sep/2022:21:29:42 +0300] "GET /main.js HTTP/1.1" 200 552
::1 - - [07/Sep/2022:21:29:49 +0300] "GET /index.php?ynumber=-1&submit=%D0%9E%D1%82%D0%BF%D1%80%D0%B0%D0%B2%D0%B8%D1%82%D1%8C&rnumber=3 HTTP/1.1" 200 17
::1 - - [07/Sep/2022:21:29:59 +0300] "GET /index.php?ynumber=-1&submit=%D0%9E%D1%82%D0%BF%D1%80%D0%B0%D0%B2%D0%B8%D1%82%D1%8C&rnumber=2 HTTP/1.1" 200 17
::1 - - [07/Sep/2022:21:30:00 +0300] "GET /index.php?ynumber=-1&submit=%D0%9E%D1%82%D0%BF%D1%80%D0%B0%D0%B2%D0%B8%D1%82%D1%8C&rnumber=2 HTTP/1.1" 200 17
::1 - - [07/Sep/2022:23:12:52 +0300] "GET / HTTP/1.1" 200 2322
::1 - - [07/Sep/2022:23:12:52 +0300] "GET /main.js HTTP/1.1" 304 -
::1 - - [07/Sep/2022:23:12:57 +0300] "GET /index.php?ynumber=1&submit=%D0%9E%D1%82%D0%BF%D1%80%D0%B0%D0%B2%D0%B8%D1%82%D1%8C&rnumber=3 HTTP/1.1" 200 16
::1 - - [07/Sep/2022:23:21:58 +0300] "GET / HTTP/1.1" 304 -
::1 - - [07/Sep/2022:23:21:58 +0300] "GET /pic.png HTTP/1.1" 304 -
::1 - - [07/Sep/2022:23:22:08 +0300] "GET / HTTP/1.1" 304 -
::1 - - [07/Sep/2022:23:22:36 +0300] "GET / HTTP/1.1" 304 -
::1 - - [07/Sep/2022:23:23:32 +0300] "GET / HTTP/1.1" 200 2313
::1 - - [07/Sep/2022:23:23:32 +0300] "GET /main.js HTTP/1.1" 200 307
::1 - - [07/Sep/2022:23:29:34 +0300] "GET / HTTP/1.1" 304 -
::1 - - [07/Sep/2022:23:29:34 +0300] "GET /main.js HTTP/1.1" 304 -
::1 - - [07/Sep/2022:23:45:21 +0300] "GET / HTTP/1.1" 304 -
::1 - - [07/Sep/2022:23:45:21 +0300] "GET /main.js HTTP/1.1" 200 356
::1 - - [07/Sep/2022:23:45:21 +0300] "GET / HTTP/1.1" 304 -
::1 - - [07/Sep/2022:23:45:21 +0300] "GET /main.js HTTP/1.1" 304 -
::1 - - [07/Sep/2022:23:45:22 +0300] "GET / HTTP/1.1" 304 -
::1 - - [07/Sep/2022:23:45:22 +0300] "GET /main.js HTTP/1.1" 304 -
::1 - - [07/Sep/2022:23:45:22 +0300] "GET / HTTP/1.1" 304 -
::1 - - [07/Sep/2022:23:45:22 +0300] "GET /main.js HTTP/1.1" 304 -
::1 - - [07/Sep/2022:23:45:49 +0300] "GET / HTTP/1.1" 304 -
::1 - - [07/Sep/2022:23:45:49 +0300] "GET /main.js HTTP/1.1" 200 356
::1 - - [07/Sep/2022:23:47:00 +0300] "GET /index.php?ynumber=123&submit=%D0%9E%D1%82%D0%BF%D1%80%D0%B0%D0%B2%D0%B8%D1%82%D1%8C&rnumber=4 HTTP/1.1" 200 18
::1 - - [07/Sep/2022:23:47:05 +0300] "GET / HTTP/1.1" 304 -
::1 - - [07/Sep/2022:23:47:05 +0300] "GET /main.js HTTP/1.1" 200 356
::1 - - [07/Sep/2022:23:47:05 +0300] "GET / HTTP/1.1" 304 -
::1 - - [07/Sep/2022:23:47:05 +0300] "GET /main.js HTTP/1.1" 304 -
::1 - - [07/Sep/2022:23:48:30 +0300] "GET / HTTP/1.1" 304 -
::1 - - [07/Sep/2022:23:48:30 +0300] "GET /main.js HTTP/1.1" 200 359
::1 - - [07/Sep/2022:23:50:04 +0300] "GET / HTTP/1.1" 304 -
::1 - - [07/Sep/2022:23:50:04 +0300] "GET /main.js HTTP/1.1" 200 373
::1 - - [07/Sep/2022:23:50:57 +0300] "GET / HTTP/1.1" 304 -
::1 - - [07/Sep/2022:23:50:57 +0300] "GET /main.js HTTP/1.1" 304 -
::1 - - [07/Sep/2022:23:51:24 +0300] "GET /index.php?ynumber=&submit=%D0%9E%D1%82%D0%BF%D1%80%D0%B0%D0%B2%D0%B8%D1%82%D1%8C&rnumber=3 HTTP/1.1" 200 15
::1 - - [07/Sep/2022:23:52:06 +0300] "GET / HTTP/1.1" 200 2290
::1 - - [07/Sep/2022:23:52:06 +0300] "GET /main.js HTTP/1.1" 304 -
::1 - - [07/Sep/2022:23:52:46 +0300] "GET / HTTP/1.1" 200 2290
::1 - - [07/Sep/2022:23:52:46 +0300] "GET /main.js HTTP/1.1" 304 -
::1 - - [07/Sep/2022:23:53:55 +0300] "GET / HTTP/1.1" 304 -
::1 - - [07/Sep/2022:23:53:55 +0300] "GET /main.js HTTP/1.1" 200 426
::1 - - [08/Sep/2022:10:45:01 +0300] "GET / HTTP/1.1" 200 2290
::1 - - [08/Sep/2022:10:45:01 +0300] "GET /style.css HTTP/1.1" 200 117
::1 - - [08/Sep/2022:10:45:01 +0300] "GET /pic.png HTTP/1.1" 200 2246
::1 - - [08/Sep/2022:10:45:01 +0300] "GET /main.js HTTP/1.1" 200 920
::1 - - [08/Sep/2022:10:49:54 +0300] "GET / HTTP/1.1" 304 -
::1 - - [08/Sep/2022:10:49:54 +0300] "GET /main.js HTTP/1.1" 200 1032
::1 - - [08/Sep/2022:10:50:21 +0300] "GET /main.js HTTP/1.1" 304 -
::1 - - [08/Sep/2022:10:51:57 +0300] "GET / HTTP/1.1" 304 -
::1 - - [08/Sep/2022:10:51:57 +0300] "GET /main.js HTTP/1.1" 200 1069
::1 - - [08/Sep/2022:10:52:11 +0300] "GET / HTTP/1.1" 304 -
::1 - - [08/Sep/2022:10:52:11 +0300] "GET /main.js HTTP/1.1" 304 -
::1 - - [08/Sep/2022:10:52:38 +0300] "GET / HTTP/1.1" 200 2329
::1 - - [08/Sep/2022:10:52:38 +0300] "GET /main.js HTTP/1.1" 304 -
::1 - - [08/Sep/2022:10:53:21 +0300] "GET / HTTP/1.1" 200 2344
::1 - - [08/Sep/2022:10:53:21 +0300] "GET /main.js HTTP/1.1" 304 -
::1 - - [08/Sep/2022:10:53:57 +0300] "GET / HTTP/1.1" 304 -
::1 - - [08/Sep/2022:10:53:57 +0300] "GET /main.js HTTP/1.1" 304 -
::1 - - [08/Sep/2022:10:54:27 +0300] "GET / HTTP/1.1" 304 -
::1 - - [08/Sep/2022:10:54:27 +0300] "GET /main.js HTTP/1.1" 200 1012
::1 - - [08/Sep/2022:10:56:39 +0300] "GET / HTTP/1.1" 304 -
::1 - - [08/Sep/2022:10:56:39 +0300] "GET /main.js HTTP/1.1" 200 1040
::1 - - [08/Sep/2022:10:57:12 +0300] "GET / HTTP/1.1" 304 -
::1 - - [08/Sep/2022:10:57:12 +0300] "GET /main.js HTTP/1.1" 200 1056
::1 - - [08/Sep/2022:10:58:19 +0300] "GET / HTTP/1.1" 200 2344
::1 - - [08/Sep/2022:10:58:19 +0300] "GET /main.js HTTP/1.1" 200 1068
::1 - - [08/Sep/2022:10:58:47 +0300] "GET / HTTP/1.1" 304 -
::1 - - [08/Sep/2022:10:58:47 +0300] "GET /main.js HTTP/1.1" 200 1018
::1 - - [08/Sep/2022:10:59:13 +0300] "GET / HTTP/1.1" 304 -
::1 - - [08/Sep/2022:10:59:13 +0300] "GET /main.js HTTP/1.1" 200 1032
::1 - - [08/Sep/2022:10:59:57 +0300] "GET / HTTP/1.1" 304 -
::1 - - [08/Sep/2022:10:59:57 +0300] "GET /main.js HTTP/1.1" 200 1026
::1 - - [08/Sep/2022:11:01:38 +0300] "GET / HTTP/1.1" 304 -
::1 - - [08/Sep/2022:11:01:38 +0300] "GET /main.js HTTP/1.1" 200 1069
::1 - - [08/Sep/2022:11:04:00 +0300] "GET / HTTP/1.1" 304 -
::1 - - [08/Sep/2022:11:04:00 +0300] "GET /main.js HTTP/1.1" 200 1071
::1 - - [08/Sep/2022:11:05:27 +0300] "GET / HTTP/1.1" 304 -
::1 - - [08/Sep/2022:11:05:27 +0300] "GET /main.js HTTP/1.1" 200 1083
::1 - - [08/Sep/2022:11:06:29 +0300] "GET / HTTP/1.1" 304 -
::1 - - [08/Sep/2022:11:06:29 +0300] "GET /main.js HTTP/1.1" 304 -
::1 - - [08/Sep/2022:11:21:09 +0300] "GET / HTTP/1.1" 304 -
::1 - - [08/Sep/2022:11:21:09 +0300] "GET /main.js HTTP/1.1" 200 1162
::1 - - [08/Sep/2022:11:21:39 +0300] "GET / HTTP/1.1" 304 -
::1 - - [08/Sep/2022:11:21:39 +0300] "GET /main.js HTTP/1.1" 304 -
::1 - - [08/Sep/2022:11:22:08 +0300] "GET / HTTP/1.1" 304 -
::1 - - [08/Sep/2022:11:22:08 +0300] "GET /main.js HTTP/1.1" 200 1156
::1 - - [08/Sep/2022:11:22:27 +0300] "GET / HTTP/1.1" 304 -
::1 - - [08/Sep/2022:11:22:27 +0300] "GET /main.js HTTP/1.1" 200 1162
::1 - - [08/Sep/2022:11:22:42 +0300] "GET / HTTP/1.1" 304 -
::1 - - [08/Sep/2022:11:22:42 +0300] "GET /main.js HTTP/1.1" 304 -
::1 - - [08/Sep/2022:11:24:36 +0300] "GET / HTTP/1.1" 304 -
::1 - - [08/Sep/2022:11:24:36 +0300] "GET /main.js HTTP/1.1" 200 1165
::1 - - [08/Sep/2022:11:43:54 +0300] "GET / HTTP/1.1" 304 -
::1 - - [08/Sep/2022:11:43:54 +0300] "GET /main.js HTTP/1.1" 200 1242
::1 - - [08/Sep/2022:11:44:29 +0300] "GET / HTTP/1.1" 304 -
::1 - - [08/Sep/2022:11:44:29 +0300] "GET /main.js HTTP/1.1" 304 -
::1 - - [08/Sep/2022:11:45:02 +0300] "GET / HTTP/1.1" 304 -
::1 - - [08/Sep/2022:11:45:02 +0300] "GET /main.js HTTP/1.1" 304 -
::1 - - [08/Sep/2022:11:48:21 +0300] "GET / HTTP/1.1" 304 -
::1 - - [08/Sep/2022:11:48:21 +0300] "GET /main.js HTTP/1.1" 200 1235
::1 - - [08/Sep/2022:11:48:25 +0300] "GET / HTTP/1.1" 304 -
::1 - - [08/Sep/2022:11:48:25 +0300] "GET /main.js HTTP/1.1" 304 -
::1 - - [08/Sep/2022:11:50:03 +0300] "GET / HTTP/1.1" 304 -
::1 - - [08/Sep/2022:11:50:03 +0300] "GET /main.js HTTP/1.1" 304 -
::1 - - [08/Sep/2022:11:50:49 +0300] "GET / HTTP/1.1" 304 -
::1 - - [08/Sep/2022:11:50:49 +0300] "GET /main.js HTTP/1.1" 200 1235
::1 - - [08/Sep/2022:11:51:18 +0300] "GET / HTTP/1.1" 304 -
::1 - - [08/Sep/2022:11:51:18 +0300] "GET /main.js HTTP/1.1" 200 1234
::1 - - [08/Sep/2022:11:59:20 +0300] "GET / HTTP/1.1" 304 -
::1 - - [08/Sep/2022:11:59:20 +0300] "GET /main.js HTTP/1.1" 304 -
::1 - - [08/Sep/2022:12:00:36 +0300] "GET /main.js HTTP/1.1" 304 -
::1 - - [08/Sep/2022:12:01:12 +0300] "GET / HTTP/1.1" 304 -
::1 - - [08/Sep/2022:12:01:19 +0300] "GET / HTTP/1.1" 304 -
::1 - - [08/Sep/2022:12:01:22 +0300] "GET / HTTP/1.1" 304 -
::1 - - [08/Sep/2022:12:01:45 +0300] "GET / HTTP/1.1" 304 -
::1 - - [08/Sep/2022:12:01:45 +0300] "GET /main.js HTTP/1.1" 200 1237
::1 - - [08/Sep/2022:12:01:52 +0300] "GET / HTTP/1.1" 304 -
::1 - - [08/Sep/2022:12:01:52 +0300] "GET /main.js HTTP/1.1" 200 1237
::1 - - [08/Sep/2022:12:02:27 +0300] "GET / HTTP/1.1" 304 -
::1 - - [08/Sep/2022:12:02:27 +0300] "GET /main.js HTTP/1.1" 200 1238
::1 - - [08/Sep/2022:12:02:45 +0300] "GET / HTTP/1.1" 304 -
::1 - - [08/Sep/2022:12:02:45 +0300] "GET /main.js HTTP/1.1" 200 1237
::1 - - [08/Sep/2022:12:03:12 +0300] "GET / HTTP/1.1" 304 -
::1 - - [08/Sep/2022:12:03:12 +0300] "GET /main.js HTTP/1.1" 200 1236
::1 - - [08/Sep/2022:12:06:58 +0300] "GET / HTTP/1.1" 304 -
::1 - - [08/Sep/2022:12:06:58 +0300] "GET /main.js HTTP/1.1" 200 1240
::1 - - [08/Sep/2022:12:07:53 +0300] "GET / HTTP/1.1" 304 -
::1 - - [08/Sep/2022:12:07:54 +0300] "GET /main.js HTTP/1.1" 200 1241
::1 - - [08/Sep/2022:12:07:56 +0300] "GET / HTTP/1.1" 304 -
::1 - - [08/Sep/2022:12:07:56 +0300] "GET /main.js HTTP/1.1" 304 -
::1 - - [08/Sep/2022:12:10:02 +0300] "GET / HTTP/1.1" 304 -
::1 - - [08/Sep/2022:12:10:02 +0300] "GET /main.js HTTP/1.1" 200 1298
::1 - - [08/Sep/2022:12:10:53 +0300] "GET / HTTP/1.1" 304 -
::1 - - [08/Sep/2022:12:10:53 +0300] "GET /main.js HTTP/1.1" 200 1316
::1 - - [08/Sep/2022:12:12:04 +0300] "GET / HTTP/1.1" 304 -
::1 - - [08/Sep/2022:12:12:04 +0300] "GET /main.js HTTP/1.1" 200 1397
::1 - - [08/Sep/2022:12:13:21 +0300] "GET / HTTP/1.1" 304 -
::1 - - [08/Sep/2022:12:13:21 +0300] "GET /main.js HTTP/1.1" 200 1399
::1 - - [08/Sep/2022:12:20:20 +0300] "GET / HTTP/1.1" 304 -
::1 - - [08/Sep/2022:12:20:20 +0300] "GET /main.js HTTP/1.1" 200 1399
::1 - - [08/Sep/2022:12:22:04 +0300] "GET / HTTP/1.1" 304 -
::1 - - [08/Sep/2022:12:22:04 +0300] "GET /main.js HTTP/1.1" 200 1405
::1 - - [08/Sep/2022:12:22:41 +0300] "GET / HTTP/1.1" 304 -
::1 - - [08/Sep/2022:12:22:42 +0300] "GET /main.js HTTP/1.1" 200 1386
::1 - - [08/Sep/2022:12:22:56 +0300] "GET / HTTP/1.1" 304 -
::1 - - [08/Sep/2022:12:22:56 +0300] "GET /main.js HTTP/1.1" 200 1356
::1 - - [08/Sep/2022:12:23:27 +0300] "GET / HTTP/1.1" 304 -
::1 - - [08/Sep/2022:12:23:27 +0300] "GET /main.js HTTP/1.1" 200 1348
::1 - - [08/Sep/2022:12:23:44 +0300] "GET / HTTP/1.1" 304 -
::1 - - [08/Sep/2022:12:23:44 +0300] "GET /main.js HTTP/1.1" 304 -
::1 - - [08/Sep/2022:12:24:45 +0300] "GET / HTTP/1.1" 304 -
::1 - - [08/Sep/2022:12:24:45 +0300] "GET /main.js HTTP/1.1" 200 1339
::1 - - [08/Sep/2022:12:26:11 +0300] "GET / HTTP/1.1" 304 -
::1 - - [08/Sep/2022:12:26:11 +0300] "GET /main.js HTTP/1.1" 200 1344
::1 - - [08/Sep/2022:12:27:05 +0300] "GET / HTTP/1.1" 304 -
::1 - - [08/Sep/2022:12:27:05 +0300] "GET /main.js HTTP/1.1" 200 1364
::1 - - [08/Sep/2022:12:29:42 +0300] "GET / HTTP/1.1" 304 -
::1 - - [08/Sep/2022:12:29:42 +0300] "GET /main.js HTTP/1.1" 200 1351
::1 - - [08/Sep/2022:12:33:02 +0300] "GET / HTTP/1.1" 304 -
::1 - - [08/Sep/2022:12:33:02 +0300] "GET /main.js HTTP/1.1" 200 1435
::1 - - [08/Sep/2022:13:05:04 +0300] "GET / HTTP/1.1" 304 -
::1 - - [08/Sep/2022:13:05:04 +0300] "GET /main.js HTTP/1.1" 200 1433
::1 - - [08/Sep/2022:13:05:05 +0300] "GET / HTTP/1.1" 304 -
::1 - - [08/Sep/2022:13:05:05 +0300] "GET /main.js HTTP/1.1" 304 -
::1 - - [08/Sep/2022:13:05:05 +0300] "GET / HTTP/1.1" 304 -
::1 - - [08/Sep/2022:13:05:11 +0300] "GET / HTTP/1.1" 304 -
::1 - - [08/Sep/2022:13:05:11 +0300] "GET /main.js HTTP/1.1" 304 -
::1 - - [08/Sep/2022:13:22:25 +0300] "GET / HTTP/1.1" 304 -
::1 - - [08/Sep/2022:13:22:25 +0300] "GET /main.js HTTP/1.1" 200 1518
::1 - - [08/Sep/2022:13:22:25 +0300] "GET /index.php HTTP/1.1" 200 14
::1 - - [08/Sep/2022:13:23:56 +0300] "GET / HTTP/1.1" 304 -
::1 - - [08/Sep/2022:13:23:56 +0300] "GET /main.js HTTP/1.1" 200 1549
::1 - - [08/Sep/2022:13:24:06 +0300] "GET /index.php HTTP/1.1" 200 14
::1 - - [08/Sep/2022:13:24:10 +0300] "GET /index.php HTTP/1.1" 200 14
::1 - - [08/Sep/2022:13:25:55 +0300] "GET / HTTP/1.1" 304 -
::1 - - [08/Sep/2022:13:25:55 +0300] "GET /main.js HTTP/1.1" 200 1550
::1 - - [08/Sep/2022:13:26:00 +0300] "GET /google.com HTTP/1.1" 404 196
::1 - - [08/Sep/2022:13:26:15 +0300] "GET / HTTP/1.1" 304 -
::1 - - [08/Sep/2022:13:26:15 +0300] "GET /main.js HTTP/1.1" 200 1549
::1 - - [08/Sep/2022:13:26:17 +0300] "GET /index.php HTTP/1.1" 200 14
::1 - - [08/Sep/2022:13:27:02 +0300] "GET / HTTP/1.1" 304 -
::1 - - [08/Sep/2022:13:27:03 +0300] "GET /main.js HTTP/1.1" 200 1534
::1 - - [08/Sep/2022:13:27:05 +0300] "GET /index.php HTTP/1.1" 200 14
::1 - - [08/Sep/2022:13:27:05 +0300] "GET /index.php HTTP/1.1" 200 14
::1 - - [08/Sep/2022:13:27:05 +0300] "GET /index.php HTTP/1.1" 200 14
::1 - - [08/Sep/2022:13:33:40 +0300] "GET / HTTP/1.1" 304 -
::1 - - [08/Sep/2022:13:33:40 +0300] "GET /main.js HTTP/1.1" 200 1538
::1 - - [08/Sep/2022:13:34:05 +0300] "GET /index.php/ HTTP/1.1" 200 14
::1 - - [08/Sep/2022:13:34:10 +0300] "GET /index.php/ HTTP/1.1" 200 14
::1 - - [08/Sep/2022:13:35:10 +0300] "GET / HTTP/1.1" 304 -
::1 - - [08/Sep/2022:13:35:10 +0300] "GET /main.js HTTP/1.1" 200 1543
::1 - - [08/Sep/2022:13:35:12 +0300] "GET /index.php/ HTTP/1.1" 200 14
::1 - - [08/Sep/2022:13:35:14 +0300] "GET /index.php/ HTTP/1.1" 200 14
::1 - - [08/Sep/2022:13:36:06 +0300] "GET / HTTP/1.1" 304 -
::1 - - [08/Sep/2022:13:36:06 +0300] "GET /main.js HTTP/1.1" 304 -
::1 - - [08/Sep/2022:13:36:08 +0300] "GET /index.php/ HTTP/1.1" 200 198
::1 - - [08/Sep/2022:13:36:24 +0300] "GET /index.php/ HTTP/1.1" 200 198
::1 - - [08/Sep/2022:13:36:25 +0300] "GET / HTTP/1.1" 304 -
::1 - - [08/Sep/2022:13:36:25 +0300] "GET /main.js HTTP/1.1" 200 1542
::1 - - [08/Sep/2022:13:36:26 +0300] "GET /index.php HTTP/1.1" 200 198
::1 - - [08/Sep/2022:13:37:49 +0300] "GET / HTTP/1.1" 304 -
::1 - - [08/Sep/2022:13:37:49 +0300] "GET /main.js HTTP/1.1" 200 1575
::1 - - [08/Sep/2022:13:37:52 +0300] "GET /index.php HTTP/1.1" 200 198
::1 - - [08/Sep/2022:13:38:01 +0300] "GET /index.php HTTP/1.1" 200 198
::1 - - [08/Sep/2022:13:38:08 +0300] "GET /index.php HTTP/1.1" 200 198
::1 - - [08/Sep/2022:13:38:46 +0300] "GET /index.php HTTP/1.1" 200 198
::1 - - [08/Sep/2022:13:39:13 +0300] "GET /index.php HTTP/1.1" 200 6
::1 - - [08/Sep/2022:13:39:15 +0300] "GET /index.php HTTP/1.1" 200 6
::1 - - [08/Sep/2022:13:39:17 +0300] "GET / HTTP/1.1" 304 -
::1 - - [08/Sep/2022:13:39:17 +0300] "GET /main.js HTTP/1.1" 304 -
::1 - - [08/Sep/2022:13:39:19 +0300] "GET /index.php HTTP/1.1" 200 6
::1 - - [08/Sep/2022:13:39:24 +0300] "GET /index.php HTTP/1.1" 200 6
::1 - - [08/Sep/2022:13:39:36 +0300] "GET / HTTP/1.1" 304 -
::1 - - [08/Sep/2022:13:39:36 +0300] "GET /main.js HTTP/1.1" 200 1579
::1 - - [08/Sep/2022:13:39:37 +0300] "GET / HTTP/1.1" 304 -
::1 - - [08/Sep/2022:13:39:37 +0300] "GET /main.js HTTP/1.1" 304 -
::1 - - [08/Sep/2022:13:39:39 +0300] "GET /index.php HTTP/1.1" 200 6
::1 - - [08/Sep/2022:13:39:40 +0300] "GET /index.php HTTP/1.1" 200 6
::1 - - [08/Sep/2022:13:39:44 +0300] "GET /index.php HTTP/1.1" 200 6
::1 - - [08/Sep/2022:13:41:26 +0300] "GET / HTTP/1.1" 304 -
::1 - - [08/Sep/2022:13:41:26 +0300] "GET /main.js HTTP/1.1" 304 -
::1 - - [08/Sep/2022:13:41:29 +0300] "GET /index.php HTTP/1.1" 200 320
::1 - - [08/Sep/2022:13:41:37 +0300] "GET /index.php HTTP/1.1" 200 320
::1 - - [08/Sep/2022:13:41:42 +0300] "GET / HTTP/1.1" 304 -
::1 - - [08/Sep/2022:13:41:42 +0300] "GET /main.js HTTP/1.1" 304 -
::1 - - [08/Sep/2022:13:44:10 +0300] "GET /index.php HTTP/1.1" 200 320
::1 - - [08/Sep/2022:13:45:10 +0300] "GET /main.js HTTP/1.1" 304 -
::1 - - [08/Sep/2022:13:45:45 +0300] "GET /test/lab1-25.07.19/index.html HTTP/1.1" 200 6708
::1 - - [08/Sep/2022:13:45:45 +0300] "GET /test/lab1-25.07.19/stylesheets/page.css HTTP/1.1" 200 1986
::1 - - [08/Sep/2022:13:45:45 +0300] "GET /test/lab1-25.07.19/stylesheets/check_button.css HTTP/1.1" 200 940
::1 - - [08/Sep/2022:13:45:45 +0300] "GET /test/lab1-25.07.19/images/avatar.png HTTP/1.1" 200 176632
::1 - - [08/Sep/2022:13:45:45 +0300] "GET /test/lab1-25.07.19/images/pulpit_logo.png HTTP/1.1" 200 80736
::1 - - [08/Sep/2022:13:45:45 +0300] "GET /test/lab1-25.07.19/validator.js HTTP/1.1" 200 3526
::1 - - [08/Sep/2022:13:45:46 +0300] "GET /test/lab1-25.07.19/fonts/AvenirNextCyr-Regular.ttf HTTP/1.1" 200 89020
::1 - - [08/Sep/2022:13:45:46 +0300] "GET /test/lab1-25.07.19/images/favicon.jpg HTTP/1.1" 200 15833
::1 - - [08/Sep/2022:13:45:58 +0300] "POST /test/lab1-25.07.19/answer.php HTTP/1.1" 200 425
::1 - - [08/Sep/2022:13:46:02 +0300] "POST /test/lab1-25.07.19/answer.php HTTP/1.1" 200 561
::1 - - [08/Sep/2022:13:46:03 +0300] "POST /test/lab1-25.07.19/answer.php HTTP/1.1" 200 697
::1 - - [08/Sep/2022:13:46:05 +0300] "POST /test/lab1-25.07.19/answer.php HTTP/1.1" 200 833
::1 - - [08/Sep/2022:13:46:12 +0300] "POST /test/lab1-25.07.19/answer.php HTTP/1.1" 200 969
::1 - - [08/Sep/2022:13:46:14 +0300] "POST /test/lab1-25.07.19/answer.php HTTP/1.1" 200 1106
::1 - - [08/Sep/2022:13:46:17 +0300] "POST /test/lab1-25.07.19/answer.php HTTP/1.1" 200 1244
::1 - - [08/Sep/2022:13:46:19 +0300] "POST /test/lab1-25.07.19/answer.php HTTP/1.1" 200 1382
::1 - - [08/Sep/2022:13:46:22 +0300] "POST /test/lab1-25.07.19/answer.php HTTP/1.1" 200 1517
::1 - - [08/Sep/2022:13:46:24 +0300] "POST /test/lab1-25.07.19/answer.php HTTP/1.1" 200 1654
::1 - - [08/Sep/2022:13:46:26 +0300] "POST /test/lab1-25.07.19/answer.php HTTP/1.1" 200 1791
::1 - - [08/Sep/2022:13:46:27 +0300] "POST /test/lab1-25.07.19/answer.php HTTP/1.1" 200 1926
::1 - - [08/Sep/2022:13:46:31 +0300] "POST /test/lab1-25.07.19/answer.php HTTP/1.1" 200 2063
::1 - - [08/Sep/2022:13:55:30 +0300] "GET / HTTP/1.1" 304 -
::1 - - [08/Sep/2022:13:55:30 +0300] "GET /main.js HTTP/1.1" 200 1609
::1 - - [08/Sep/2022:13:55:33 +0300] "GET /index.php/&x=undefined&y=undefined&rundefined HTTP/1.1" 200 320
::1 - - [08/Sep/2022:13:55:42 +0300] "GET / HTTP/1.1" 304 -
::1 - - [08/Sep/2022:13:55:42 +0300] "GET /main.js HTTP/1.1" 304 -
::1 - - [08/Sep/2022:13:55:46 +0300] "GET /index.php/&x=undefined&y=undefined&rundefined HTTP/1.1" 200 320
::1 - - [08/Sep/2022:13:55:58 +0300] "GET /index.php/&x=0&y=21321&r1 HTTP/1.1" 200 320
::1 - - [08/Sep/2022:13:56:16 +0300] "GET /index.php/&x=1&y=21321123&r3 HTTP/1.1" 200 320
::1 - - [08/Sep/2022:13:57:44 +0300] "GET / HTTP/1.1" 304 -
::1 - - [08/Sep/2022:13:57:44 +0300] "GET /main.js HTTP/1.1" 200 1607
::1 - - [08/Sep/2022:13:57:57 +0300] "GET / HTTP/1.1" 304 -
::1 - - [08/Sep/2022:13:57:57 +0300] "GET /main.js HTTP/1.1" 304 -
::1 - - [08/Sep/2022:13:58:19 +0300] "GET / HTTP/1.1" 304 -
::1 - - [08/Sep/2022:13:58:19 +0300] "GET /main.js HTTP/1.1" 200 1570
::1 - - [08/Sep/2022:13:58:38 +0300] "GET / HTTP/1.1" 304 -
::1 - - [08/Sep/2022:13:58:38 +0300] "GET /main.js HTTP/1.1" 200 1560
::1 - - [08/Sep/2022:13:58:43 +0300] "GET / HTTP/1.1" 304 -
::1 - - [08/Sep/2022:13:58:43 +0300] "GET /main.js HTTP/1.1" 304 -
::1 - - [08/Sep/2022:13:58:48 +0300] "GET /index.php/&x=0&y=123&r1 HTTP/1.1" 200 320
::1 - - [08/Sep/2022:14:00:48 +0300] "GET /index.php/&x=0&y=123&r1 HTTP/1.1" 200 320
::1 - - [08/Sep/2022:14:00:50 +0300] "GET /index.php/&x=0&y=123&r1 HTTP/1.1" 200 320
::1 - - [08/Sep/2022:14:00:56 +0300] "GET /index.php/&x=2&y=undefined&r4 HTTP/1.1" 200 320
::1 - - [08/Sep/2022:14:01:26 +0300] "GET / HTTP/1.1" 304 -
::1 - - [08/Sep/2022:14:01:26 +0300] "GET /main.js HTTP/1.1" 304 -
::1 - - [08/Sep/2022:14:01:32 +0300] "GET /index.php/&x=-1&y=123&r1 HTTP/1.1" 200 174
::1 - - [08/Sep/2022:14:01:36 +0300] "GET /index.php/&x=2&y=123&r1 HTTP/1.1" 200 174
::1 - - [08/Sep/2022:14:01:41 +0300] "GET / HTTP/1.1" 304 -
::1 - - [08/Sep/2022:14:01:46 +0300] "GET /index.php/&x=2&y=123&r1 HTTP/1.1" 200 174
::1 - - [08/Sep/2022:14:01:49 +0300] "GET /index.php/&x=2&y=123&r1 HTTP/1.1" 200 174
::1 - - [08/Sep/2022:14:02:06 +0300] "GET / HTTP/1.1" 304 -
::1 - - [08/Sep/2022:14:02:06 +0300] "GET /main.js HTTP/1.1" 304 -
::1 - - [08/Sep/2022:14:02:11 +0300] "GET /index.php/&x=1&y=123&r1 HTTP/1.1" 200 174
::1 - - [08/Sep/2022:14:02:14 +0300] "GET /index.php/&x=1&y=123&r1 HTTP/1.1" 200 174
::1 - - [08/Sep/2022:14:02:27 +0300] "GET / HTTP/1.1" 304 -
::1 - - [08/Sep/2022:14:02:27 +0300] "GET /main.js HTTP/1.1" 304 -
::1 - - [08/Sep/2022:14:02:32 +0300] "GET / HTTP/1.1" 304 -
::1 - - [08/Sep/2022:14:02:39 +0300] "GET /index.php/&x=4&y=123&r2 HTTP/1.1" 200 432
::1 - - [08/Sep/2022:14:02:42 +0300] "GET /index.php/&x=4&y=123&r2 HTTP/1.1" 200 432
::1 - - [08/Sep/2022:14:05:11 +0300] "GET / HTTP/1.1" 304 -
::1 - - [08/Sep/2022:14:05:11 +0300] "GET /main.js HTTP/1.1" 304 -
::1 - - [08/Sep/2022:14:05:20 +0300] "GET / HTTP/1.1" 304 -
::1 - - [08/Sep/2022:14:05:27 +0300] "GET /index.php/&x=0&y=123&r1 HTTP/1.1" 200 432
::1 - - [08/Sep/2022:14:05:38 +0300] "GET /index.php/&x=0&y=123&r1 HTTP/1.1" 200 432
::1 - - [08/Sep/2022:14:07:07 +0300] "GET / HTTP/1.1" 304 -
::1 - - [08/Sep/2022:14:07:07 +0300] "GET /main.js HTTP/1.1" 200 1560
::1 - - [08/Sep/2022:14:07:12 +0300] "GET /index.php/?x=1&y=123&r1 HTTP/1.1" 200 228
::1 - - [08/Sep/2022:14:07:15 +0300] "GET /index.php/?x=1&y=123&r1 HTTP/1.1" 200 228
::1 - - [08/Sep/2022:14:07:39 +0300] "GET / HTTP/1.1" 304 -
::1 - - [08/Sep/2022:14:07:39 +0300] "GET /main.js HTTP/1.1" 200 1561
::1 - - [08/Sep/2022:14:07:43 +0300] "GET /index.php/?x=1&y=123&r=1 HTTP/1.1" 200 125
::1 - - [08/Sep/2022:14:08:41 +0300] "GET / HTTP/1.1" 304 -
::1 - - [08/Sep/2022:14:08:41 +0300] "GET /main.js HTTP/1.1" 304 -
::1 - - [08/Sep/2022:14:11:36 +0300] "GET / HTTP/1.1" 304 -
::1 - - [08/Sep/2022:14:11:36 +0300] "GET /main.js HTTP/1.1" 200 1555
::1 - - [08/Sep/2022:14:11:40 +0300] "GET /index.php/?x=1&y=123&r=1 HTTP/1.1" 200 125
::1 - - [08/Sep/2022:14:12:16 +0300] "GET /index.php/?x=1&y=123&r=1 HTTP/1.1" 200 125
::1 - - [08/Sep/2022:14:38:26 +0300] "POST /test/lab1-25.07.19/answer.php HTTP/1.1" 200 2202
::1 - - [08/Sep/2022:14:38:36 +0300] "POST /test/lab1-25.07.19/answer.php HTTP/1.1" 200 2339
::1 - - [08/Sep/2022:14:38:39 +0300] "POST /test/lab1-25.07.19/answer.php HTTP/1.1" 200 2478
::1 - - [08/Sep/2022:14:38:43 +0300] "POST /test/lab1-25.07.19/answer.php HTTP/1.1" 200 2617
::1 - - [08/Sep/2022:14:38:45 +0300] "POST /test/lab1-25.07.19/answer.php HTTP/1.1" 200 2754
::1 - - [08/Sep/2022:14:38:59 +0300] "POST /test/lab1-25.07.19/answer.php HTTP/1.1" 200 2891
::1 - - [08/Sep/2022:14:39:01 +0300] "POST /test/lab1-25.07.19/answer.php HTTP/1.1" 200 3028
::1 - - [08/Sep/2022:14:39:02 +0300] "POST /test/lab1-25.07.19/answer.php HTTP/1.1" 200 3163
::1 - - [08/Sep/2022:14:39:03 +0300] "POST /test/lab1-25.07.19/answer.php HTTP/1.1" 200 3300
::1 - - [08/Sep/2022:14:39:04 +0300] "POST /test/lab1-25.07.19/answer.php HTTP/1.1" 200 3435
::1 - - [08/Sep/2022:14:39:05 +0300] "POST /test/lab1-25.07.19/answer.php HTTP/1.1" 200 3569
::1 - - [08/Sep/2022:14:40:11 +0300] "GET /test/lab1-25.07.19/index.html HTTP/1.1" 304 -
::1 - - [08/Sep/2022:14:40:21 +0300] "POST /test/lab1-25.07.19/answer.php HTTP/1.1" 200 3708
::1 - - [08/Sep/2022:14:40:23 +0300] "GET /test/lab1-25.07.19/answer.php HTTP/1.1" 400 861
::1 - - [08/Sep/2022:15:05:54 +0300] "GET / HTTP/1.1" 304 -
::1 - - [08/Sep/2022:15:05:54 +0300] "GET /pic.png HTTP/1.1" 304 -
::1 - - [08/Sep/2022:15:05:54 +0300] "GET /main.js HTTP/1.1" 304 -
::1 - - [08/Sep/2022:15:06:00 +0300] "GET /index.php/?x=0&y=1&r=1 HTTP/1.1" 200 150
::1 - - [08/Sep/2022:15:06:04 +0300] "GET /index.php/?x=0&y=1&r=1 HTTP/1.1" 200 150
::1 - - [08/Sep/2022:15:06:43 +0300] "GET / HTTP/1.1" 304 -
::1 - - [08/Sep/2022:15:06:51 +0300] "GET / HTTP/1.1" 304 -
::1 - - [08/Sep/2022:15:06:55 +0300] "GET /index.php/?x=0&y=1&r=1 HTTP/1.1" 200 155
::1 - - [08/Sep/2022:15:06:58 +0300] "GET /index.php/?x=0&y=1&r=1 HTTP/1.1" 200 155
::1 - - [08/Sep/2022:15:08:14 +0300] "GET / HTTP/1.1" 304 -
::1 - - [08/Sep/2022:15:08:24 +0300] "GET /index.php/?x=0&y=0&r=1 HTTP/1.1" 200 376
::1 - - [08/Sep/2022:15:08:28 +0300] "GET /index.php/?x=0&y=0&r=1 HTTP/1.1" 200 376
::1 - - [08/Sep/2022:15:09:00 +0300] "GET / HTTP/1.1" 304 -
::1 - - [08/Sep/2022:15:09:02 +0300] "GET / HTTP/1.1" 304 -
::1 - - [08/Sep/2022:15:09:06 +0300] "GET /index.php/?x=0&y=0&r=1 HTTP/1.1" 200 264
::1 - - [08/Sep/2022:15:09:09 +0300] "GET /index.php/?x=0&y=0&r=1 HTTP/1.1" 200 264
::1 - - [08/Sep/2022:15:09:23 +0300] "GET / HTTP/1.1" 304 -
::1 - - [08/Sep/2022:15:09:28 +0300] "GET /index.php/?x=0&y=0&r=1 HTTP/1.1" 200 15
::1 - - [08/Sep/2022:15:09:29 +0300] "GET /index.php/?x=0&y=0&r=1 HTTP/1.1" 200 15
::1 - - [08/Sep/2022:15:16:00 +0300] "GET / HTTP/1.1" 304 -
::1 - - [08/Sep/2022:15:16:01 +0300] "GET /main.js HTTP/1.1" 200 1588
::1 - - [08/Sep/2022:15:16:05 +0300] "GET /index.php/?x=0&y=1&r=1 HTTP/1.1" 200 15
::1 - - [08/Sep/2022:15:16:34 +0300] "GET / HTTP/1.1" 304 -
::1 - - [08/Sep/2022:15:16:34 +0300] "GET /main.js HTTP/1.1" 200 1586
::1 - - [08/Sep/2022:15:16:40 +0300] "GET /index.php/?x=0&y=1&r=1 HTTP/1.1" 200 15
::1 - - [08/Sep/2022:15:17:16 +0300] "GET / HTTP/1.1" 304 -
::1 - - [08/Sep/2022:15:17:16 +0300] "GET /main.js HTTP/1.1" 200 1590
::1 - - [08/Sep/2022:15:17:21 +0300] "GET /index.php/?x=0&y=1&r=1 HTTP/1.1" 200 15
::1 - - [08/Sep/2022:15:17:27 +0300] "GET /index.php/?x=0&y=1&r=1 HTTP/1.1" 200 15
::1 - - [08/Sep/2022:15:17:36 +0300] "GET /index.php/?x=0&y=undefined&r=4 HTTP/1.1" 200 292
::1 - - [08/Sep/2022:15:17:40 +0300] "GET / HTTP/1.1" 304 -
::1 - - [08/Sep/2022:15:17:40 +0300] "GET /main.js HTTP/1.1" 304 -
::1 - - [08/Sep/2022:15:17:54 +0300] "GET /index.php/?x=0&y=1&r=2 HTTP/1.1" 200 15
::1 - - [08/Sep/2022:15:17:57 +0300] "GET /index.php/?x=0&y=1&r=2 HTTP/1.1" 200 15
::1 - - [08/Sep/2022:15:19:21 +0300] "GET / HTTP/1.1" 304 -
::1 - - [08/Sep/2022:15:19:21 +0300] "GET /main.js HTTP/1.1" 200 1590
::1 - - [08/Sep/2022:15:19:25 +0300] "GET /index.php/?x=0&y=1&r=1 HTTP/1.1" 200 15
::1 - - [08/Sep/2022:15:19:27 +0300] "GET /index.php/?x=0&y=1&r=1 HTTP/1.1" 200 15
::1 - - [08/Sep/2022:15:20:09 +0300] "GET / HTTP/1.1" 304 -
::1 - - [08/Sep/2022:15:20:09 +0300] "GET /main.js HTTP/1.1" 200 1988
::1 - - [08/Sep/2022:15:20:13 +0300] "GET /index.php/?x=0&y=1&r=1 HTTP/1.1" 200 15
::1 - - [08/Sep/2022:15:20:39 +0300] "GET / HTTP/1.1" 304 -
::1 - - [08/Sep/2022:15:20:39 +0300] "GET /main.js HTTP/1.1" 200 1573
::1 - - [08/Sep/2022:15:22:15 +0300] "GET / HTTP/1.1" 304 -
::1 - - [08/Sep/2022:15:22:15 +0300] "GET /main.js HTTP/1.1" 200 1676
::1 - - [08/Sep/2022:15:22:22 +0300] "GET /index.php/?x=0&y=1&r=5 HTTP/1.1" 200 15
::1 - - [08/Sep/2022:15:24:00 +0300] "GET / HTTP/1.1" 200 2344
::1 - - [08/Sep/2022:15:24:01 +0300] "GET /main.js HTTP/1.1" 200 1707
::1 - - [08/Sep/2022:15:25:56 +0300] "GET / HTTP/1.1" 200 2346
::1 - - [08/Sep/2022:15:25:56 +0300] "GET /main.js HTTP/1.1" 200 1821
::1 - - [08/Sep/2022:15:26:16 +0300] "GET / HTTP/1.1" 304 -
::1 - - [08/Sep/2022:15:26:16 +0300] "GET /main.js HTTP/1.1" 304 -
::1 - - [08/Sep/2022:15:26:53 +0300] "GET / HTTP/1.1" 304 -
::1 - - [08/Sep/2022:15:26:53 +0300] "GET /main.js HTTP/1.1" 200 1766
::1 - - [08/Sep/2022:15:27:10 +0300] "GET / HTTP/1.1" 304 -
::1 - - [08/Sep/2022:15:27:10 +0300] "GET /main.js HTTP/1.1" 200 1618
::1 - - [08/Sep/2022:15:27:47 +0300] "GET / HTTP/1.1" 304 -
::1 - - [08/Sep/2022:15:27:47 +0300] "GET /main.js HTTP/1.1" 200 1646
::1 - - [08/Sep/2022:15:28:05 +0300] "GET / HTTP/1.1" 304 -
::1 - - [08/Sep/2022:15:28:05 +0300] "GET /main.js HTTP/1.1" 200 1515
::1 - - [08/Sep/2022:15:28:10 +0300] "GET /index.php/?x=0&y=1&r=1 HTTP/1.1" 200 15
::1 - - [08/Sep/2022:15:28:11 +0300] "GET /index.php/?x=0&y=1&r=1 HTTP/1.1" 200 15
::1 - - [08/Sep/2022:15:28:58 +0300] "GET / HTTP/1.1" 304 -
::1 - - [08/Sep/2022:15:28:58 +0300] "GET /main.js HTTP/1.1" 200 1574
::1 - - [08/Sep/2022:15:29:03 +0300] "GET /index.php/?x=0&y=0&r=1 HTTP/1.1" 200 15
::1 - - [08/Sep/2022:15:29:06 +0300] "GET /index.php/?x=3&y=0&r=1 HTTP/1.1" 200 16
::1 - - [08/Sep/2022:15:29:08 +0300] "GET /index.php/?x=4&y=0&r=1 HTTP/1.1" 200 16
::1 - - [08/Sep/2022:15:30:54 +0300] "GET /index.php/?x=4&y=0&r=1 HTTP/1.1" 200 16
::1 - - [08/Sep/2022:15:30:55 +0300] "GET /index.php/?x=4&y=0&r=1 HTTP/1.1" 200 16
::1 - - [08/Sep/2022:16:22:38 +0300] "GET / HTTP/1.1" 304 -
::1 - - [08/Sep/2022:16:22:38 +0300] "GET /main.js HTTP/1.1" 200 1549
::1 - - [08/Sep/2022:16:23:31 +0300] "GET / HTTP/1.1" 304 -
::1 - - [08/Sep/2022:16:23:31 +0300] "GET /main.js HTTP/1.1" 200 1640
::1 - - [08/Sep/2022:16:25:00 +0300] "GET /main.js HTTP/1.1" 200 1588
::1 - - [08/Sep/2022:16:25:01 +0300] "GET / HTTP/1.1" 304 -
::1 - - [08/Sep/2022:16:25:01 +0300] "GET /main.js HTTP/1.1" 304 -
::1 - - [08/Sep/2022:16:25:03 +0300] "GET / HTTP/1.1" 304 -
::1 - - [08/Sep/2022:16:25:03 +0300] "GET /main.js HTTP/1.1" 304 -
::1 - - [08/Sep/2022:16:26:53 +0300] "GET / HTTP/1.1" 304 -
::1 - - [08/Sep/2022:16:26:53 +0300] "GET /main.js HTTP/1.1" 200 1529
::1 - - [08/Sep/2022:16:27:37 +0300] "GET / HTTP/1.1" 304 -
::1 - - [08/Sep/2022:16:27:38 +0300] "GET /main.js HTTP/1.1" 200 1530
::1 - - [08/Sep/2022:16:28:18 +0300] "GET / HTTP/1.1" 304 -
::1 - - [08/Sep/2022:16:28:18 +0300] "GET /main.js HTTP/1.1" 304 -
::1 - - [08/Sep/2022:16:28:42 +0300] "GET / HTTP/1.1" 304 -
::1 - - [08/Sep/2022:16:28:42 +0300] "GET /main.js HTTP/1.1" 200 1492
::1 - - [08/Sep/2022:16:28:47 +0300] "GET /index.php HTTP/1.1" 200 324
::1 - - [08/Sep/2022:16:28:49 +0300] "GET /index.php HTTP/1.1" 200 324
::1 - - [08/Sep/2022:16:28:49 +0300] "GET /index.php HTTP/1.1" 200 324
::1 - - [08/Sep/2022:16:28:49 +0300] "GET /index.php HTTP/1.1" 200 324
::1 - - [08/Sep/2022:16:28:49 +0300] "GET /index.php HTTP/1.1" 200 324
::1 - - [08/Sep/2022:16:28:49 +0300] "GET /index.php HTTP/1.1" 200 324
::1 - - [08/Sep/2022:16:28:49 +0300] "GET /index.php HTTP/1.1" 200 324
::1 - - [08/Sep/2022:16:28:50 +0300] "GET /index.php HTTP/1.1" 200 324
::1 - - [08/Sep/2022:16:28:52 +0300] "GET /index.php HTTP/1.1" 200 324
::1 - - [08/Sep/2022:16:30:10 +0300] "GET / HTTP/1.1" 304 -
::1 - - [08/Sep/2022:16:30:10 +0300] "GET /main.js HTTP/1.1" 200 1514
::1 - - [08/Sep/2022:16:32:14 +0300] "GET / HTTP/1.1" 304 -
::1 - - [08/Sep/2022:16:32:14 +0300] "GET /main.js HTTP/1.1" 200 1477
::1 - - [08/Sep/2022:16:32:18 +0300] "GET /index.php HTTP/1.1" 200 324
::1 - - [08/Sep/2022:16:32:25 +0300] "GET /index.php HTTP/1.1" 200 324
::1 - - [08/Sep/2022:16:32:59 +0300] "GET /index.php HTTP/1.1" 200 324
::1 - - [08/Sep/2022:16:34:02 +0300] "GET / HTTP/1.1" 304 -
::1 - - [08/Sep/2022:16:34:02 +0300] "GET /main.js HTTP/1.1" 200 1424
::1 - - [08/Sep/2022:16:34:06 +0300] "GET /index.php/?y=1&x=0&r=1 HTTP/1.1" 200 15
::1 - - [08/Sep/2022:16:40:52 +0300] "GET / HTTP/1.1" 304 -
::1 - - [08/Sep/2022:16:40:52 +0300] "GET /main.js HTTP/1.1" 200 1425
::1 - - [08/Sep/2022:16:40:57 +0300] "GET /index.php/?y=1&x=0&r=1 HTTP/1.1" 200 208
::1 - - [08/Sep/2022:16:41:52 +0300] "GET / HTTP/1.1" 304 -
::1 - - [08/Sep/2022:16:41:52 +0300] "GET /main.js HTTP/1.1" 200 1476
::1 - - [08/Sep/2022:16:41:54 +0300] "GET /index.php/?y=1&x=0&r=1 HTTP/1.1" 200 208
::1 - - [08/Sep/2022:16:43:06 +0300] "GET / HTTP/1.1" 304 -
::1 - - [08/Sep/2022:16:43:06 +0300] "GET /main.js HTTP/1.1" 304 -
::1 - - [08/Sep/2022:16:43:09 +0300] "GET /index.php/?y=1&x=0&r=1 HTTP/1.1" 200 3809
::1 - - [08/Sep/2022:16:43:24 +0300] "GET /index.php/?y=1&x=0&r=1 HTTP/1.1" 200 3891
::1 - - [08/Sep/2022:16:43:41 +0300] "GET /index.php/?y=1&x=0&r=1 HTTP/1.1" 200 3973
::1 - - [08/Sep/2022:16:43:42 +0300] "GET /index.php/?y=1&x=0&r=1 HTTP/1.1" 200 4055
::1 - - [08/Sep/2022:16:43:44 +0300] "GET /index.php/?y=1&x=2&r=1 HTTP/1.1" 200 4138
::1 - - [08/Sep/2022:16:43:46 +0300] "GET / HTTP/1.1" 304 -
::1 - - [08/Sep/2022:16:43:46 +0300] "GET /main.js HTTP/1.1" 304 -
::1 - - [08/Sep/2022:16:43:49 +0300] "GET /index.php/?y=1&x=1&r=1 HTTP/1.1" 200 4220
::1 - - [08/Sep/2022:17:10:04 +0300] "GET /index.php/?y=1&x=1&r=1 HTTP/1.1" 200 4302
::1 - - [08/Sep/2022:17:10:07 +0300] "GET /index.php/?y=1&x=1&r=1 HTTP/1.1" 200 4384
::1 - - [08/Sep/2022:17:10:07 +0300] "GET /index.php/?y=1&x=1&r=1 HTTP/1.1" 200 4466
::1 - - [08/Sep/2022:17:10:07 +0300] "GET /index.php/?y=1&x=1&r=1 HTTP/1.1" 200 4548
::1 - - [08/Sep/2022:17:10:12 +0300] "GET /index.php/?y=3&x=1&r=1 HTTP/1.1" 200 4631
::1 - - [08/Sep/2022:17:10:15 +0300] "GET /index.php/?y=3&x=-1&r=1 HTTP/1.1" 200 4716
::1 - - [08/Sep/2022:17:10:42 +0300] "GET / HTTP/1.1" 304 -
::1 - - [08/Sep/2022:17:10:42 +0300] "GET /style.css HTTP/1.1" 304 -
::1 - - [08/Sep/2022:17:10:42 +0300] "GET /main.js HTTP/1.1" 304 -
::1 - - [08/Sep/2022:17:10:46 +0300] "GET /index.php/?y=1&x=0&r=1 HTTP/1.1" 200 4797
::1 - - [08/Sep/2022:17:10:49 +0300] "GET /index.php/?y=1&x=4&r=2 HTTP/1.1" 200 4880
::1 - - [08/Sep/2022:17:10:55 +0300] "GET /index.php/?y=1&x=2&r=2 HTTP/1.1" 200 4962
::1 - - [08/Sep/2022:17:15:09 +0300] "GET / HTTP/1.1" 304 -
::1 - - [08/Sep/2022:17:15:09 +0300] "GET /main.js HTTP/1.1" 200 1552
::1 - - [08/Sep/2022:17:15:12 +0300] "GET /index.php/?y=1&x=undefined&r=undefined HTTP/1.1" 400 -
::1 - - [08/Sep/2022:17:15:30 +0300] "GET / HTTP/1.1" 304 -
::1 - - [08/Sep/2022:17:15:30 +0300] "GET /main.js HTTP/1.1" 200 1546
::1 - - [08/Sep/2022:17:15:33 +0300] "GET /index.php/?y=1&x=0&r=1 HTTP/1.1" 200 5044
::1 - - [08/Sep/2022:17:23:44 +0300] "GET / HTTP/1.1" 304 -
::1 - - [08/Sep/2022:17:23:44 +0300] "GET /main.js HTTP/1.1" 200 1585
::1 - - [08/Sep/2022:17:24:01 +0300] "GET / HTTP/1.1" 304 -
::1 - - [08/Sep/2022:17:24:05 +0300] "GET /index.php/?y=1&x=0&r=1 HTTP/1.1" 200 118
::1 - - [08/Sep/2022:17:24:35 +0300] "GET /index.php/?y=1&x=0&r=1 HTTP/1.1" 200 118
::1 - - [08/Sep/2022:17:24:55 +0300] "GET / HTTP/1.1" 304 -
::1 - - [08/Sep/2022:17:24:55 +0300] "GET /main.js HTTP/1.1" 304 -
::1 - - [08/Sep/2022:17:25:00 +0300] "GET /index.php/?y=1&x=0&r=1 HTTP/1.1" 200 191
::1 - - [08/Sep/2022:17:26:39 +0300] "GET / HTTP/1.1" 304 -
::1 - - [08/Sep/2022:17:26:39 +0300] "GET /main.js HTTP/1.1" 304 -
::1 - - [08/Sep/2022:17:26:42 +0300] "GET /index.php/?y=1&x=0&r=1 HTTP/1.1" 200 113
::1 - - [08/Sep/2022:17:26:53 +0300] "GET /index.php/?y=1&x=0&r=1 HTTP/1.1" 200 113
::1 - - [08/Sep/2022:17:29:49 +0300] "GET / HTTP/1.1" 304 -
::1 - - [08/Sep/2022:17:29:49 +0300] "GET /main.js HTTP/1.1" 304 -
::1 - - [08/Sep/2022:17:29:53 +0300] "GET /index.php/?y=1&x=0&r=1 HTTP/1.1" 200 13
::1 - - [08/Sep/2022:17:30:46 +0300] "GET / HTTP/1.1" 304 -
::1 - - [08/Sep/2022:17:30:50 +0300] "GET /index.php/?y=1&x=0&r=1 HTTP/1.1" 200 20
::1 - - [08/Sep/2022:17:30:52 +0300] "GET /index.php/?y=1&x=4&r=2 HTTP/1.1" 200 21
::1 - - [08/Sep/2022:17:33:01 +0300] "GET / HTTP/1.1" 304 -
::1 - - [08/Sep/2022:17:33:01 +0300] "GET /main.js HTTP/1.1" 200 1624
::1 - - [08/Sep/2022:17:33:05 +0300] "GET /index.php/?y=1&x=0&r=1 HTTP/1.1" 200 20
::1 - - [08/Sep/2022:17:33:23 +0300] "GET / HTTP/1.1" 304 -
::1 - - [08/Sep/2022:17:33:23 +0300] "GET /main.js HTTP/1.1" 200 1627
::1 - - [08/Sep/2022:17:33:27 +0300] "GET /index.php/?y=1&x=-2&r=1 HTTP/1.1" 200 22
::1 - - [08/Sep/2022:17:34:20 +0300] "GET / HTTP/1.1" 304 -
::1 - - [08/Sep/2022:17:34:20 +0300] "GET /main.js HTTP/1.1" 200 1634
::1 - - [08/Sep/2022:17:34:24 +0300] "GET /index.php/?y=1&x=0&r=1 HTTP/1.1" 200 20
::1 - - [08/Sep/2022:17:44:48 +0300] "GET / HTTP/1.1" 304 -
::1 - - [08/Sep/2022:17:44:48 +0300] "GET /main.js HTTP/1.1" 200 1639
::1 - - [08/Sep/2022:17:44:51 +0300] "GET /index.php/?y=1&x=0&r=1 HTTP/1.1" 200 20
::1 - - [08/Sep/2022:17:50:07 +0300] "GET / HTTP/1.1" 304 -
::1 - - [08/Sep/2022:17:50:07 +0300] "GET /main.js HTTP/1.1" 200 1916
::1 - - [08/Sep/2022:17:50:12 +0300] "GET /index.php/?y=1&x=0&r=1 HTTP/1.1" 200 20
::1 - - [08/Sep/2022:17:50:46 +0300] "GET / HTTP/1.1" 304 -
::1 - - [08/Sep/2022:17:50:46 +0300] "GET /main.js HTTP/1.1" 200 1919
::1 - - [08/Sep/2022:17:50:51 +0300] "GET /index.php/?y=1&x=0&r=1 HTTP/1.1" 200 20
::1 - - [08/Sep/2022:17:51:24 +0300] "GET /index.php/?y=1&x=0&r=1 HTTP/1.1" 200 20
::1 - - [08/Sep/2022:17:53:06 +0300] "GET / HTTP/1.1" 304 -
::1 - - [08/Sep/2022:17:53:06 +0300] "GET /main.js HTTP/1.1" 200 1977
::1 - - [08/Sep/2022:17:53:09 +0300] "GET /index.php/?y=1&x=0&r=1 HTTP/1.1" 200 20
::1 - - [08/Sep/2022:17:53:16 +0300] "GET /index.php/?y=1&x=4&r=3 HTTP/1.1" 200 21
